2024-10-09T21:51:03.300+05:30  INFO 5412 --- [product] [restartedMain] c.example.user.UserProfileApplication    : Starting UserProfileApplication using Java 21.0.4 with PID 5412 (C:\Users\Administrator\eclipse-workspace\jpa-onetoone-uni\target\classes started by Administrator in C:\Users\Administrator\eclipse-workspace\jpa-onetoone-uni)
2024-10-09T21:51:03.316+05:30  INFO 5412 --- [product] [restartedMain] c.example.user.UserProfileApplication    : No active profile set, falling back to 1 default profile: "default"
2024-10-09T21:51:03.389+05:30  INFO 5412 --- [product] [restartedMain] .e.DevToolsPropertyDefaultsPostProcessor : Devtools property defaults active! Set 'spring.devtools.add-properties' to 'false' to disable
2024-10-09T21:51:03.390+05:30  INFO 5412 --- [product] [restartedMain] .e.DevToolsPropertyDefaultsPostProcessor : For additional web related logging consider setting the 'logging.level.web' property to 'DEBUG'
2024-10-09T21:51:04.237+05:30  INFO 5412 --- [product] [restartedMain] .s.d.r.c.RepositoryConfigurationDelegate : Bootstrapping Spring Data JPA repositories in DEFAULT mode.
2024-10-09T21:51:04.305+05:30  INFO 5412 --- [product] [restartedMain] .s.d.r.c.RepositoryConfigurationDelegate : Finished Spring Data repository scanning in 58 ms. Found 2 JPA repository interfaces.
2024-10-09T21:51:04.986+05:30  INFO 5412 --- [product] [restartedMain] o.s.b.w.embedded.tomcat.TomcatWebServer  : Tomcat initialized with port 8080 (http)
2024-10-09T21:51:05.003+05:30  INFO 5412 --- [product] [restartedMain] o.apache.catalina.core.StandardService   : Starting service [Tomcat]
2024-10-09T21:51:05.003+05:30  INFO 5412 --- [product] [restartedMain] o.apache.catalina.core.StandardEngine    : Starting Servlet engine: [Apache Tomcat/10.1.30]
2024-10-09T21:51:05.064+05:30  INFO 5412 --- [product] [restartedMain] o.a.c.c.C.[Tomcat].[localhost].[/]       : Initializing Spring embedded WebApplicationContext
2024-10-09T21:51:05.065+05:30  INFO 5412 --- [product] [restartedMain] w.s.c.ServletWebServerApplicationContext : Root WebApplicationContext: initialization completed in 1675 ms
2024-10-09T21:51:05.224+05:30  INFO 5412 --- [product] [restartedMain] o.hibernate.jpa.internal.util.LogHelper  : HHH000204: Processing PersistenceUnitInfo [name: default]
2024-10-09T21:51:05.292+05:30  INFO 5412 --- [product] [restartedMain] org.hibernate.Version                    : HHH000412: Hibernate ORM core version 6.5.3.Final
2024-10-09T21:51:05.331+05:30  INFO 5412 --- [product] [restartedMain] o.h.c.internal.RegionFactoryInitiator    : HHH000026: Second-level cache disabled
2024-10-09T21:51:05.679+05:30  INFO 5412 --- [product] [restartedMain] o.s.o.j.p.SpringPersistenceUnitInfo      : No LoadTimeWeaver setup: ignoring JPA class transformer
2024-10-09T21:51:05.709+05:30  INFO 5412 --- [product] [restartedMain] com.zaxxer.hikari.HikariDataSource       : HikariPool-1 - Starting...
2024-10-09T21:51:06.166+05:30  INFO 5412 --- [product] [restartedMain] com.zaxxer.hikari.pool.HikariPool        : HikariPool-1 - Added connection com.mysql.cj.jdbc.ConnectionImpl@47e07e9c
2024-10-09T21:51:06.168+05:30  INFO 5412 --- [product] [restartedMain] com.zaxxer.hikari.HikariDataSource       : HikariPool-1 - Start completed.
2024-10-09T21:51:06.226+05:30  WARN 5412 --- [product] [restartedMain] org.hibernate.orm.deprecation            : HHH90000025: MySQLDialect does not need to be specified explicitly using 'hibernate.dialect' (remove the property setting and it will be selected by default)
2024-10-09T21:51:07.153+05:30  INFO 5412 --- [product] [restartedMain] o.h.e.t.j.p.i.JtaPlatformInitiator       : HHH000489: No JTA platform available (set 'hibernate.transaction.jta.platform' to enable JTA platform integration)
2024-10-09T21:51:07.246+05:30  INFO 5412 --- [product] [restartedMain] j.LocalContainerEntityManagerFactoryBean : Initialized JPA EntityManagerFactory for persistence unit 'default'
2024-10-09T21:51:07.511+05:30  WARN 5412 --- [product] [restartedMain] JpaBaseConfiguration$JpaWebConfiguration : spring.jpa.open-in-view is enabled by default. Therefore, database queries may be performed during view rendering. Explicitly configure spring.jpa.open-in-view to disable this warning
2024-10-09T21:51:07.833+05:30  INFO 5412 --- [product] [restartedMain] o.s.b.d.a.OptionalLiveReloadServer       : LiveReload server is running on port 35729
2024-10-09T21:51:07.862+05:30  INFO 5412 --- [product] [restartedMain] o.s.b.w.embedded.tomcat.TomcatWebServer  : Tomcat started on port 8080 (http) with context path '/'
2024-10-09T21:51:07.871+05:30  INFO 5412 --- [product] [restartedMain] c.example.user.UserProfileApplication    : Started UserProfileApplication in 5.116 seconds (process running for 8.838)
